<?xml version="1.0" encoding="UTF-8"?>
<!-- Generated by org.testng.reporters.JUnitReportReporter -->
<testsuite hostname="LIN51013488" failures="0" tests="5" name="testCases.TC_003_SignIn_DataDriver" time="90.235" errors="0" timestamp="2023-06-28T16:19:20 IST" skipped="0">
  <testcase classname="testCases.TC_003_SignIn_DataDriver" name="dataDriver" time="18.865"/>
  <system-out/>
  <testcase classname="testCases.TC_003_SignIn_DataDriver" name="dataDriver" time="21.149"/>
  <system-out/>
  <testcase classname="testCases.TC_003_SignIn_DataDriver" name="dataDriver" time="11.704"/>
  <system-out/>
  <testcase classname="testCases.TC_003_SignIn_DataDriver" name="dataDriver" time="20.250"/>
  <system-out/>
  <testcase classname="testCases.TC_003_SignIn_DataDriver" name="dataDriver" time="18.267"/>
  <system-out/>
</testsuite> <!-- testCases.TC_003_SignIn_DataDriver -->
