<?xml version="1.0" encoding="UTF-8"?>
<!-- Generated by org.testng.reporters.JUnitReportReporter -->
<testsuite hostname="LIN51013488" failures="0" tests="1" name="testCases.TC_001_AccountRegistrationTest" time="10.277" errors="0" timestamp="2023-07-13T12:04:28 IST" skipped="0">
  <testcase classname="testCases.TC_001_AccountRegistrationTest" name="test_account_Registration" time="10.277"/>
  <system-out/>
</testsuite> <!-- testCases.TC_001_AccountRegistrationTest -->
