<?xml version="1.0" encoding="UTF-8"?>
<!-- Generated by org.testng.reporters.JUnitReportReporter -->
<testsuite hostname="LIN51013488" failures="0" tests="1" name="testCases.TC_002_SignInTest" time="12.383" errors="0" timestamp="2023-06-29T13:24:12 IST" skipped="0">
  <testcase classname="testCases.TC_002_SignInTest" name="SignIn_TestCase" time="12.383"/>
  <system-out/>
</testsuite> <!-- testCases.TC_002_SignInTest -->
