<?xml version="1.0" encoding="UTF-8"?>
<!-- Generated by org.testng.reporters.JUnitReportReporter -->
<testsuite hostname="LIN51013488" failures="0" tests="5" name="testCases.TC_003_SignIn_DataDriver" time="92.285" errors="0" timestamp="2023-06-29T13:05:54 IST" skipped="0">
  <testcase classname="testCases.TC_003_SignIn_DataDriver" name="dataDriver" time="18.942"/>
  <system-out/>
  <testcase classname="testCases.TC_003_SignIn_DataDriver" name="dataDriver" time="21.489"/>
  <system-out/>
  <testcase classname="testCases.TC_003_SignIn_DataDriver" name="dataDriver" time="19.348"/>
  <system-out/>
  <testcase classname="testCases.TC_003_SignIn_DataDriver" name="dataDriver" time="13.605"/>
  <system-out/>
  <testcase classname="testCases.TC_003_SignIn_DataDriver" name="dataDriver" time="18.901"/>
  <system-out/>
</testsuite> <!-- testCases.TC_003_SignIn_DataDriver -->
